Discovery starting.
Discovery completed in 294 milliseconds.
Run starting. Expected test count is: 1
CoverAlgorithm$Test:
- Just view work of algo *** FAILED *** (944 milliseconds)
  java.lang.UnsupportedOperationException: empty.reduceLeft
  at scala.collection.LinearSeqOptimized$class.reduceLeft(LinearSeqOptimized.scala:123)
  at scala.collection.immutable.List.reduceLeft(List.scala:83)
  at scala.collection.TraversableOnce$class.reduce(TraversableOnce.scala:193)
  at scala.collection.AbstractTraversable.reduce(Traversable.scala:104)
  at ru.amontag.inhound.pgenerator.CoverAlgorithm$Test$$anonfun$1.apply$mcV$sp(CoverAlgorithm$Test.scala:26)
  at ru.amontag.inhound.pgenerator.CoverAlgorithm$Test$$anonfun$1.apply(CoverAlgorithm$Test.scala:12)
  at ru.amontag.inhound.pgenerator.CoverAlgorithm$Test$$anonfun$1.apply(CoverAlgorithm$Test.scala:12)
  at org.scalatest.Transformer$$anonfun$apply$1.apply$mcV$sp(Transformer.scala:22)
  at org.scalatest.OutcomeOf$class.outcomeOf(OutcomeOf.scala:85)
  at org.scalatest.OutcomeOf$.outcomeOf(OutcomeOf.scala:104)
  at org.scalatest.Transformer.apply(Transformer.scala:22)
  at org.scalatest.Transformer.apply(Transformer.scala:20)
  at org.scalatest.FunSuiteLike$$anon$1.apply(FunSuiteLike.scala:166)
  at org.scalatest.Suite$class.withFixture(Suite.scala:1122)
  at org.scalatest.FunSuite.withFixture(FunSuite.scala:1555)
  at org.scalatest.FunSuiteLike$class.invokeWithFixture$1(FunSuiteLike.scala:163)
  at org.scalatest.FunSuiteLike$$anonfun$runTest$1.apply(FunSuiteLike.scala:175)
  at org.scalatest.FunSuiteLike$$anonfun$runTest$1.apply(FunSuiteLike.scala:175)
  at org.scalatest.SuperEngine.runTestImpl(Engine.scala:306)
  at org.scalatest.FunSuiteLike$class.runTest(FunSuiteLike.scala:175)
  at org.scalatest.FunSuite.runTest(FunSuite.scala:1555)
  at org.scalatest.FunSuiteLike$$anonfun$runTests$1.apply(FunSuiteLike.scala:208)
  at org.scalatest.FunSuiteLike$$anonfun$runTests$1.apply(FunSuiteLike.scala:208)
  at org.scalatest.SuperEngine$$anonfun$traverseSubNodes$1$1.apply(Engine.scala:413)
  at org.scalatest.SuperEngine$$anonfun$traverseSubNodes$1$1.apply(Engine.scala:401)
  at scala.collection.immutable.List.foreach(List.scala:381)
  at org.scalatest.SuperEngine.traverseSubNodes$1(Engine.scala:401)
  at org.scalatest.SuperEngine.org$scalatest$SuperEngine$$runTestsInBranch(Engine.scala:396)
  at org.scalatest.SuperEngine.runTestsImpl(Engine.scala:483)
  at org.scalatest.FunSuiteLike$class.runTests(FunSuiteLike.scala:208)
  at org.scalatest.FunSuite.runTests(FunSuite.scala:1555)
  at org.scalatest.Suite$class.run(Suite.scala:1424)
  at org.scalatest.FunSuite.org$scalatest$FunSuiteLike$$super$run(FunSuite.scala:1555)
  at org.scalatest.FunSuiteLike$$anonfun$run$1.apply(FunSuiteLike.scala:212)
  at org.scalatest.FunSuiteLike$$anonfun$run$1.apply(FunSuiteLike.scala:212)
  at org.scalatest.SuperEngine.runImpl(Engine.scala:545)
  at org.scalatest.FunSuiteLike$class.run(FunSuiteLike.scala:212)
  at org.scalatest.FunSuite.run(FunSuite.scala:1555)
  at org.scalatest.Suite$class.callExecuteOnSuite$1(Suite.scala:1492)
  at org.scalatest.Suite$$anonfun$runNestedSuites$1.apply(Suite.scala:1528)
  at org.scalatest.Suite$$anonfun$runNestedSuites$1.apply(Suite.scala:1526)
  at scala.collection.IndexedSeqOptimized$class.foreach(IndexedSeqOptimized.scala:33)
  at scala.collection.mutable.ArrayOps$ofRef.foreach(ArrayOps.scala:186)
  at org.scalatest.Suite$class.runNestedSuites(Suite.scala:1526)
  at org.scalatest.tools.DiscoverySuite.runNestedSuites(DiscoverySuite.scala:29)
  at org.scalatest.Suite$class.run(Suite.scala:1421)
  at org.scalatest.tools.DiscoverySuite.run(DiscoverySuite.scala:29)
  at org.scalatest.tools.SuiteRunner.run(SuiteRunner.scala:55)
  at org.scalatest.tools.Runner$$anonfun$doRunRunRunDaDoRunRun$3.apply(Runner.scala:2563)
  at org.scalatest.tools.Runner$$anonfun$doRunRunRunDaDoRunRun$3.apply(Runner.scala:2557)
  at scala.collection.immutable.List.foreach(List.scala:381)
  at org.scalatest.tools.Runner$.doRunRunRunDaDoRunRun(Runner.scala:2557)
  at org.scalatest.tools.Runner$$anonfun$runOptionallyWithPassFailReporter$2.apply(Runner.scala:1044)
  at org.scalatest.tools.Runner$$anonfun$runOptionallyWithPassFailReporter$2.apply(Runner.scala:1043)
  at org.scalatest.tools.Runner$.withClassLoaderAndDispatchReporter(Runner.scala:2722)
  at org.scalatest.tools.Runner$.runOptionallyWithPassFailReporter(Runner.scala:1043)
  at org.scalatest.tools.Runner$.main(Runner.scala:860)
  at org.scalatest.tools.Runner.main(Runner.scala)
Run completed in 1 second, 524 milliseconds.
Total number of tests run: 1
Suites: completed 2, aborted 0
Tests: succeeded 0, failed 1, canceled 0, ignored 0, pending 0
*** 1 TEST FAILED ***
