<?xml version="1.0" encoding="UTF-8" ?>
<testsuite 
errors="0" failures="1" hostname="computer" name="ru.amontag.inhound.pgenerator.CoverAlgorithm$Test" tests="1" time="1.025" timestamp="2015-03-11T18:29:45">
  <properties>
    <property name="java.runtime.name" value="Java(TM) SE Runtime Environment">
    </property>
    <property 
    name="sun.boot.library.path" value="/usr/lib/jvm/java-8-oracle/jre/lib/amd64">
</property>
    <property name="java.vm.version" value="25.40-b25"> </property>
    <property name="user.country.format" value="RU"> </property>
    <property name="java.vm.vendor" value="Oracle Corporation"> </property>
    <property name="java.vendor.url" value="http://java.oracle.com/">
    </property>
    <property name="path.separator" value=":"> </property>
    <property name="java.vm.name" value="Java HotSpot(TM) 64-Bit Server VM">
    </property>
    <property name="file.encoding.pkg" value="sun.io"> </property>
    <property name="user.country" value="US"> </property>
    <property name="sun.java.launcher" value="SUN_STANDARD"> </property>
    <property name="sun.os.patch.level" value="unknown"> </property>
    <property 
    name="java.vm.specification.name" value="Java Virtual Machine Specification">
</property>
    <property 
    name="user.dir" value="/home/montag/workspace/code/projects/big/pgenerator">
</property>
    <property name="java.runtime.version" value="1.8.0_40-b25"> </property>
    <property 
    name="java.awt.graphicsenv" value="sun.awt.X11GraphicsEnvironment">
</property>
    <property 
    name="basedir" value="/home/montag/workspace/code/projects/big/pgenerator">
</property>
    <property 
    name="java.endorsed.dirs" value="/usr/lib/jvm/java-8-oracle/jre/lib/endorsed">
</property>
    <property name="os.arch" value="amd64"> </property>
    <property name="java.io.tmpdir" value="/tmp"> </property>
    <property name="line.separator" value=" "> </property>
    <property name="java.vm.specification.vendor" value="Oracle Corporation">
    </property>
    <property name="os.name" value="Linux"> </property>
    <property name="sun.jnu.encoding" value="UTF-8"> </property>
    <property 
    name="java.library.path" value="/home/montag/programs/idea-14/bin::/usr/java/packages/lib/amd64:/usr/lib64:/lib64:/lib:/usr/lib">
</property>
    <property 
    name="java.specification.name" value="Java Platform API Specification">
</property>
    <property name="java.class.version" value="52.0"> </property>
    <property 
    name="sun.management.compiler" value="HotSpot 64-Bit Tiered Compilers">
</property>
    <property name="os.version" value="3.13.0-46-generic"> </property>
    <property name="user.home" value="/home/montag"> </property>
    <property name="user.timezone" value="Europe/Moscow"> </property>
    <property name="java.awt.printerjob" value="sun.print.PSPrinterJob">
    </property>
    <property name="file.encoding" value="UTF-8"> </property>
    <property name="java.specification.version" value="1.8"> </property>
    <property name="user.name" value="montag"> </property>
    <property 
    name="java.class.path" value="/home/montag/workspace/code/projects/big/pgenerator/target/test-classes:/home/montag/workspace/code/projects/big/pgenerator/target/classes:/home/montag/.m2/repository/org/scala-lang/scala-library/2.11.2/scala-library-2.11.2.jar:/home/montag/.m2/repository/org/scalaz/scalaz-core_2.11/7.1.1/scalaz-core_2.11-7.1.1.jar:/home/montag/.m2/repository/org/scala-lang/modules/scala-parser-combinators_2.11/1.0.2/scala-parser-combinators_2.11-1.0.2.jar:/home/montag/.m2/repository/org/scala-lang/modules/scala-xml_2.11/1.0.2/scala-xml_2.11-1.0.2.jar:/home/montag/.m2/repository/org/scalatest/scalatest_2.11/2.2.1/scalatest_2.11-2.2.1.jar:/home/montag/.m2/repository/org/scala-lang/scala-reflect/2.11.2/scala-reflect-2.11.2.jar">
</property>
    <property name="java.vm.specification.version" value="1.8"> </property>
    <property name="sun.arch.data.model" value="64"> </property>
    <property name="java.home" value="/usr/lib/jvm/java-8-oracle/jre">
    </property>
    <property 
    name="sun.java.command" value="org.scalatest.tools.Runner -R /home/montag/workspace/code/projects/big/pgenerator/target/classes /home/montag/workspace/code/projects/big/pgenerator/target/test-classes -o -fWDF /home/montag/workspace/code/projects/big/pgenerator/target/surefire-reports/TestSuite.txt -u /home/montag/workspace/code/projects/big/pgenerator/target/surefire-reports/.">
</property>
    <property name="java.specification.vendor" value="Oracle Corporation">
    </property>
    <property name="user.language" value="en"> </property>
    <property name="user.language.format" value="ru"> </property>
    <property name="awt.toolkit" value="sun.awt.X11.XToolkit"> </property>
    <property name="java.vm.info" value="mixed mode"> </property>
    <property name="java.version" value="1.8.0_40"> </property>
    <property 
    name="java.ext.dirs" value="/usr/lib/jvm/java-8-oracle/jre/lib/ext:/usr/java/packages/lib/ext">
</property>
    <property 
    name="sun.boot.class.path" value="/usr/lib/jvm/java-8-oracle/jre/lib/resources.jar:/usr/lib/jvm/java-8-oracle/jre/lib/rt.jar:/usr/lib/jvm/java-8-oracle/jre/lib/sunrsasign.jar:/usr/lib/jvm/java-8-oracle/jre/lib/jsse.jar:/usr/lib/jvm/java-8-oracle/jre/lib/jce.jar:/usr/lib/jvm/java-8-oracle/jre/lib/charsets.jar:/usr/lib/jvm/java-8-oracle/jre/lib/jfr.jar:/usr/lib/jvm/java-8-oracle/jre/classes">
</property>
    <property name="java.vendor" value="Oracle Corporation"> </property>
    <property name="file.separator" value="/"> </property>
    <property 
    name="java.vendor.url.bug" value="http://bugreport.sun.com/bugreport/">
</property>
    <property name="sun.cpu.endian" value="little"> </property>
    <property name="sun.io.unicode.encoding" value="UnicodeLittle"> </property>
    <property name="sun.desktop" value="gnome"> </property>
    <property name="sun.cpu.isalist" value=""> </property>
  </properties>
  <testcase 
  name="Just view work of algo" classname="ru.amontag.inhound.pgenerator.CoverAlgorithm$Test" time="0.948">
    <failure 
    message="empty.reduceLeft" type="class java.lang.UnsupportedOperationException">
      java.lang.UnsupportedOperationException: empty.reduceLeft
      at scala.collection.LinearSeqOptimized$class.reduceLeft(LinearSeqOptimized.scala:123)
      at scala.collection.immutable.List.reduceLeft(List.scala:83)
      at scala.collection.TraversableOnce$class.reduce(TraversableOnce.scala:193)
      at scala.collection.AbstractTraversable.reduce(Traversable.scala:104)
      at ru.amontag.inhound.pgenerator.CoverAlgorithm$Test$$anonfun$1.apply$mcV$sp(CoverAlgorithm$Test.scala:26)
      at ru.amontag.inhound.pgenerator.CoverAlgorithm$Test$$anonfun$1.apply(CoverAlgorithm$Test.scala:12)
      at ru.amontag.inhound.pgenerator.CoverAlgorithm$Test$$anonfun$1.apply(CoverAlgorithm$Test.scala:12)
      at org.scalatest.Transformer$$anonfun$apply$1.apply$mcV$sp(Transformer.scala:22)
      at org.scalatest.OutcomeOf$class.outcomeOf(OutcomeOf.scala:85)
      at org.scalatest.OutcomeOf$.outcomeOf(OutcomeOf.scala:104)
      at org.scalatest.Transformer.apply(Transformer.scala:22)
      at org.scalatest.Transformer.apply(Transformer.scala:20)
      at org.scalatest.FunSuiteLike$$anon$1.apply(FunSuiteLike.scala:166)
      at org.scalatest.Suite$class.withFixture(Suite.scala:1122)
      at org.scalatest.FunSuite.withFixture(FunSuite.scala:1555)
      at org.scalatest.FunSuiteLike$class.invokeWithFixture$1(FunSuiteLike.scala:163)
      at org.scalatest.FunSuiteLike$$anonfun$runTest$1.apply(FunSuiteLike.scala:175)
      at org.scalatest.FunSuiteLike$$anonfun$runTest$1.apply(FunSuiteLike.scala:175)
      at org.scalatest.SuperEngine.runTestImpl(Engine.scala:306)
      at org.scalatest.FunSuiteLike$class.runTest(FunSuiteLike.scala:175)
      at org.scalatest.FunSuite.runTest(FunSuite.scala:1555)
      at org.scalatest.FunSuiteLike$$anonfun$runTests$1.apply(FunSuiteLike.scala:208)
      at org.scalatest.FunSuiteLike$$anonfun$runTests$1.apply(FunSuiteLike.scala:208)
      at org.scalatest.SuperEngine$$anonfun$traverseSubNodes$1$1.apply(Engine.scala:413)
      at org.scalatest.SuperEngine$$anonfun$traverseSubNodes$1$1.apply(Engine.scala:401)
      at scala.collection.immutable.List.foreach(List.scala:381)
      at org.scalatest.SuperEngine.traverseSubNodes$1(Engine.scala:401)
      at org.scalatest.SuperEngine.org$scalatest$SuperEngine$$runTestsInBranch(Engine.scala:396)
      at org.scalatest.SuperEngine.runTestsImpl(Engine.scala:483)
      at org.scalatest.FunSuiteLike$class.runTests(FunSuiteLike.scala:208)
      at org.scalatest.FunSuite.runTests(FunSuite.scala:1555)
      at org.scalatest.Suite$class.run(Suite.scala:1424)
      at org.scalatest.FunSuite.org$scalatest$FunSuiteLike$$super$run(FunSuite.scala:1555)
      at org.scalatest.FunSuiteLike$$anonfun$run$1.apply(FunSuiteLike.scala:212)
      at org.scalatest.FunSuiteLike$$anonfun$run$1.apply(FunSuiteLike.scala:212)
      at org.scalatest.SuperEngine.runImpl(Engine.scala:545)
      at org.scalatest.FunSuiteLike$class.run(FunSuiteLike.scala:212)
      at org.scalatest.FunSuite.run(FunSuite.scala:1555)
      at org.scalatest.Suite$class.callExecuteOnSuite$1(Suite.scala:1492)
      at org.scalatest.Suite$$anonfun$runNestedSuites$1.apply(Suite.scala:1528)
      at org.scalatest.Suite$$anonfun$runNestedSuites$1.apply(Suite.scala:1526)
      at scala.collection.IndexedSeqOptimized$class.foreach(IndexedSeqOptimized.scala:33)
      at scala.collection.mutable.ArrayOps$ofRef.foreach(ArrayOps.scala:186)
      at org.scalatest.Suite$class.runNestedSuites(Suite.scala:1526)
      at org.scalatest.tools.DiscoverySuite.runNestedSuites(DiscoverySuite.scala:29)
      at org.scalatest.Suite$class.run(Suite.scala:1421)
      at org.scalatest.tools.DiscoverySuite.run(DiscoverySuite.scala:29)
      at org.scalatest.tools.SuiteRunner.run(SuiteRunner.scala:55)
      at org.scalatest.tools.Runner$$anonfun$doRunRunRunDaDoRunRun$3.apply(Runner.scala:2563)
      at org.scalatest.tools.Runner$$anonfun$doRunRunRunDaDoRunRun$3.apply(Runner.scala:2557)
      at scala.collection.immutable.List.foreach(List.scala:381)
      at org.scalatest.tools.Runner$.doRunRunRunDaDoRunRun(Runner.scala:2557)
      at org.scalatest.tools.Runner$$anonfun$runOptionallyWithPassFailReporter$2.apply(Runner.scala:1044)
      at org.scalatest.tools.Runner$$anonfun$runOptionallyWithPassFailReporter$2.apply(Runner.scala:1043)
      at org.scalatest.tools.Runner$.withClassLoaderAndDispatchReporter(Runner.scala:2722)
      at org.scalatest.tools.Runner$.runOptionallyWithPassFailReporter(Runner.scala:1043)
      at org.scalatest.tools.Runner$.main(Runner.scala:860)
      at org.scalatest.tools.Runner.main(Runner.scala)
</failure>
</testcase>
  <system-out><![CDATA[]]></system-out>
  <system-err><![CDATA[]]></system-err>
</testsuite>
